platforms/android/app/build/intermediates/manifest_merge_blame_file/release/processReleaseMainManifest/manifest-merger-blame-release-report.txt
1<?xml version="1.0" encoding="utf-8"?>
2<manifest xmlns:android="http://schemas.android.com/apk/res/android"
3    package="com.concealnetwork.concealmobile"
4    android:hardwareAccelerated="true"
5    android:versionCode="51"
6    android:versionName="6.0.0" >
7
8    <uses-sdk
9        android:maxSdkVersion="35"
10        android:minSdkVersion="22"
11        android:targetSdkVersion="35" />
12
13    <supports-screens
13-->src/main/AndroidManifest.xml:3:5-191
14        android:anyDensity="true"
14-->src/main/AndroidManifest.xml:3:23-48
15        android:largeScreens="true"
15-->src/main/AndroidManifest.xml:3:49-76
16        android:normalScreens="true"
16-->src/main/AndroidManifest.xml:3:77-105
17        android:resizeable="true"
17-->src/main/AndroidManifest.xml:3:106-131
18        android:smallScreens="true"
18-->src/main/AndroidManifest.xml:3:132-159
19        android:xlargeScreens="true" />
19-->src/main/AndroidManifest.xml:3:160-188
20
21    <uses-permission android:name="android.permission.INTERNET" />
21-->src/main/AndroidManifest.xml:4:5-67
21-->src/main/AndroidManifest.xml:4:22-64
22
23    <queries>
23-->src/main/AndroidManifest.xml:19:5-33:15
24        <intent>
24-->src/main/AndroidManifest.xml:20:9-22:18
25            <action android:name="android.media.action.IMAGE_CAPTURE" />
25-->src/main/AndroidManifest.xml:21:13-73
25-->src/main/AndroidManifest.xml:21:21-70
26        </intent>
27        <intent>
27-->src/main/AndroidManifest.xml:23:9-25:18
28            <action android:name="android.intent.action.GET_CONTENT" />
28-->src/main/AndroidManifest.xml:24:13-72
28-->src/main/AndroidManifest.xml:24:21-69
29        </intent>
30        <intent>
30-->src/main/AndroidManifest.xml:26:9-28:18
31            <action android:name="android.intent.action.PICK" />
31-->src/main/AndroidManifest.xml:27:13-65
31-->src/main/AndroidManifest.xml:27:21-62
32        </intent>
33        <intent>
33-->src/main/AndroidManifest.xml:29:9-32:18
34            <action android:name="com.android.camera.action.CROP" />
34-->src/main/AndroidManifest.xml:30:13-69
34-->src/main/AndroidManifest.xml:30:21-66
35
36            <data
36-->src/main/AndroidManifest.xml:31:13-73
37                android:mimeType="image/*"
37-->src/main/AndroidManifest.xml:31:19-45
38                android:scheme="content" />
38-->src/main/AndroidManifest.xml:31:46-70
39        </intent>
40    </queries>
41
42    <uses-permission android:name="android.permission.ACCESS_NETWORK_STATE" />
42-->src/main/AndroidManifest.xml:34:5-79
42-->src/main/AndroidManifest.xml:34:22-76
43    <uses-permission android:name="android.permission.READ_CLIPBOARD" />
43-->src/main/AndroidManifest.xml:35:5-73
43-->src/main/AndroidManifest.xml:35:22-70
44    <uses-permission android:name="android.permission.WRITE_CLIPBOARD" />
44-->src/main/AndroidManifest.xml:36:5-74
44-->src/main/AndroidManifest.xml:36:22-71
45    <uses-permission android:name="android.permission.CAMERA" />
45-->src/main/AndroidManifest.xml:37:5-65
45-->src/main/AndroidManifest.xml:37:22-62
46    <uses-permission android:name="android.permission.WAKE_LOCK" />
46-->src/main/AndroidManifest.xml:38:5-68
46-->src/main/AndroidManifest.xml:38:22-65
47
48    <uses-feature
48-->src/main/AndroidManifest.xml:39:5-86
49        android:name="android.hardware.camera2"
49-->src/main/AndroidManifest.xml:39:19-58
50        android:required="false" />
50-->src/main/AndroidManifest.xml:39:59-83
51    <uses-feature
51-->src/main/AndroidManifest.xml:40:5-96
52        android:name="android.hardware.camera2.autofocus"
52-->src/main/AndroidManifest.xml:40:19-68
53        android:required="false" />
53-->src/main/AndroidManifest.xml:40:69-93
54
55    <permission
55-->[androidx.core:core:1.13.0] AndroidManifest.xml:22:5-24:47
56        android:name="com.concealnetwork.concealmobile.DYNAMIC_RECEIVER_NOT_EXPORTED_PERMISSION"
56-->[androidx.core:core:1.13.0] AndroidManifest.xml:23:9-81
57        android:protectionLevel="signature" />
57-->[androidx.core:core:1.13.0] AndroidManifest.xml:24:9-44
58
59    <uses-permission android:name="com.concealnetwork.concealmobile.DYNAMIC_RECEIVER_NOT_EXPORTED_PERMISSION" />
59-->[androidx.core:core:1.13.0] AndroidManifest.xml:26:5-97
59-->[androidx.core:core:1.13.0] AndroidManifest.xml:26:22-94
60
61    <application
61-->src/main/AndroidManifest.xml:5:5-18:19
62        android:appComponentFactory="androidx.core.app.CoreComponentFactory"
62-->[androidx.core:core:1.13.0] AndroidManifest.xml:28:18-86
63        android:extractNativeLibs="true"
64        android:hardwareAccelerated="true"
64-->src/main/AndroidManifest.xml:5:18-52
65        android:icon="@mipmap/ic_launcher"
65-->src/main/AndroidManifest.xml:5:53-87
66        android:label="@string/app_name"
66-->src/main/AndroidManifest.xml:5:88-120
67        android:supportsRtl="true" >
67-->src/main/AndroidManifest.xml:5:121-147
68        <activity
68-->src/main/AndroidManifest.xml:6:9-11:20
69            android:name="com.concealnetwork.concealmobile.MainActivity"
69-->src/main/AndroidManifest.xml:6:240-267
70            android:configChanges="orientation|keyboardHidden|keyboard|screenSize|locale|smallestScreenSize|screenLayout|uiMode|navigation"
70-->src/main/AndroidManifest.xml:6:19-146
71            android:exported="true"
71-->src/main/AndroidManifest.xml:6:147-170
72            android:label="@string/activity_name"
72-->src/main/AndroidManifest.xml:6:171-208
73            android:launchMode="singleTop"
73-->src/main/AndroidManifest.xml:6:209-239
74            android:theme="@style/Theme.App.SplashScreen"
74-->src/main/AndroidManifest.xml:6:268-313
75            android:windowSoftInputMode="adjustResize" >
75-->src/main/AndroidManifest.xml:6:314-356
76            <intent-filter android:label="@string/launcher_name" >
76-->src/main/AndroidManifest.xml:7:13-10:29
76-->src/main/AndroidManifest.xml:7:28-65
77                <action android:name="android.intent.action.MAIN" />
77-->src/main/AndroidManifest.xml:8:17-69
77-->src/main/AndroidManifest.xml:8:25-66
78
79                <category android:name="android.intent.category.LAUNCHER" />
79-->src/main/AndroidManifest.xml:9:17-77
79-->src/main/AndroidManifest.xml:9:27-74
80            </intent-filter>
81        </activity>
82
83        <provider
84            android:name="androidx.core.content.FileProvider"
84-->src/main/AndroidManifest.xml:12:141-190
85            android:authorities="com.concealnetwork.concealmobile.cdv.core.file.provider"
85-->src/main/AndroidManifest.xml:12:19-80
86            android:exported="false"
86-->src/main/AndroidManifest.xml:12:81-105
87            android:grantUriPermissions="true" >
87-->src/main/AndroidManifest.xml:12:106-140
88            <meta-data
88-->src/main/AndroidManifest.xml:13:13-130
89                android:name="android.support.FILE_PROVIDER_PATHS"
89-->src/main/AndroidManifest.xml:13:24-74
90                android:resource="@xml/cdv_core_file_provider_paths" />
90-->src/main/AndroidManifest.xml:13:75-127
91        </provider>
92        <provider
93            android:name="org.apache.cordova.camera.FileProvider"
93-->src/main/AndroidManifest.xml:15:149-202
94            android:authorities="com.concealnetwork.concealmobile.cordova.plugin.camera.provider"
94-->src/main/AndroidManifest.xml:15:19-88
95            android:exported="false"
95-->src/main/AndroidManifest.xml:15:89-113
96            android:grantUriPermissions="true" >
96-->src/main/AndroidManifest.xml:15:114-148
97            <meta-data
97-->src/main/AndroidManifest.xml:13:13-130
98                android:name="android.support.FILE_PROVIDER_PATHS"
98-->src/main/AndroidManifest.xml:13:24-74
99                android:resource="@xml/camera_provider_paths" />
99-->src/main/AndroidManifest.xml:13:75-127
100        </provider>
101        <provider
101-->[androidx.emoji2:emoji2:1.3.0] AndroidManifest.xml:24:9-32:20
102            android:name="androidx.startup.InitializationProvider"
102-->[androidx.emoji2:emoji2:1.3.0] AndroidManifest.xml:25:13-67
103            android:authorities="com.concealnetwork.concealmobile.androidx-startup"
103-->[androidx.emoji2:emoji2:1.3.0] AndroidManifest.xml:26:13-68
104            android:exported="false" >
104-->[androidx.emoji2:emoji2:1.3.0] AndroidManifest.xml:27:13-37
105            <meta-data
105-->[androidx.emoji2:emoji2:1.3.0] AndroidManifest.xml:29:13-31:52
106                android:name="androidx.emoji2.text.EmojiCompatInitializer"
106-->[androidx.emoji2:emoji2:1.3.0] AndroidManifest.xml:30:17-75
107                android:value="androidx.startup" />
107-->[androidx.emoji2:emoji2:1.3.0] AndroidManifest.xml:31:17-49
108            <meta-data
108-->[androidx.lifecycle:lifecycle-process:2.6.2] AndroidManifest.xml:29:13-31:52
109                android:name="androidx.lifecycle.ProcessLifecycleInitializer"
109-->[androidx.lifecycle:lifecycle-process:2.6.2] AndroidManifest.xml:30:17-78
110                android:value="androidx.startup" />
110-->[androidx.lifecycle:lifecycle-process:2.6.2] AndroidManifest.xml:31:17-49
111            <meta-data
111-->[androidx.profileinstaller:profileinstaller:1.3.1] AndroidManifest.xml:29:13-31:52
112                android:name="androidx.profileinstaller.ProfileInstallerInitializer"
112-->[androidx.profileinstaller:profileinstaller:1.3.1] AndroidManifest.xml:30:17-85
113                android:value="androidx.startup" />
113-->[androidx.profileinstaller:profileinstaller:1.3.1] AndroidManifest.xml:31:17-49
114        </provider>
115
116        <receiver
116-->[androidx.profileinstaller:profileinstaller:1.3.1] AndroidManifest.xml:34:9-52:20
117            android:name="androidx.profileinstaller.ProfileInstallReceiver"
117-->[androidx.profileinstaller:profileinstaller:1.3.1] AndroidManifest.xml:35:13-76
118            android:directBootAware="false"
118-->[androidx.profileinstaller:profileinstaller:1.3.1] AndroidManifest.xml:36:13-44
119            android:enabled="true"
119-->[androidx.profileinstaller:profileinstaller:1.3.1] AndroidManifest.xml:37:13-35
120            android:exported="true"
120-->[androidx.profileinstaller:profileinstaller:1.3.1] AndroidManifest.xml:38:13-36
121            android:permission="android.permission.DUMP" >
121-->[androidx.profileinstaller:profileinstaller:1.3.1] AndroidManifest.xml:39:13-57
122            <intent-filter>
122-->[androidx.profileinstaller:profileinstaller:1.3.1] AndroidManifest.xml:40:13-42:29
123                <action android:name="androidx.profileinstaller.action.INSTALL_PROFILE" />
123-->[androidx.profileinstaller:profileinstaller:1.3.1] AndroidManifest.xml:41:17-91
123-->[androidx.profileinstaller:profileinstaller:1.3.1] AndroidManifest.xml:41:25-88
124            </intent-filter>
125            <intent-filter>
125-->[androidx.profileinstaller:profileinstaller:1.3.1] AndroidManifest.xml:43:13-45:29
126                <action android:name="androidx.profileinstaller.action.SKIP_FILE" />
126-->[androidx.profileinstaller:profileinstaller:1.3.1] AndroidManifest.xml:44:17-85
126-->[androidx.profileinstaller:profileinstaller:1.3.1] AndroidManifest.xml:44:25-82
127            </intent-filter>
128            <intent-filter>
128-->[androidx.profileinstaller:profileinstaller:1.3.1] AndroidManifest.xml:46:13-48:29
129                <action android:name="androidx.profileinstaller.action.SAVE_PROFILE" />
129-->[androidx.profileinstaller:profileinstaller:1.3.1] AndroidManifest.xml:47:17-88
129-->[androidx.profileinstaller:profileinstaller:1.3.1] AndroidManifest.xml:47:25-85
130            </intent-filter>
131            <intent-filter>
131-->[androidx.profileinstaller:profileinstaller:1.3.1] AndroidManifest.xml:49:13-51:29
132                <action android:name="androidx.profileinstaller.action.BENCHMARK_OPERATION" />
132-->[androidx.profileinstaller:profileinstaller:1.3.1] AndroidManifest.xml:50:17-95
132-->[androidx.profileinstaller:profileinstaller:1.3.1] AndroidManifest.xml:50:25-92
133            </intent-filter>
134        </receiver>
135    </application>
136
137</manifest>